Post Processor Report
OrCAD FILE: E:\00.LAVORI IN CORSO\METALTRONICA\25-335-0 ( CONTROLLO GENERATORE MAMMOGRAFICO)\25-335-0.MAX
Fri Feb 06 13:18:02 2026

*********************************************************

Output file: E:\00.LAVORI IN CORSO\METALTRONICA\25-335-0 ( CONTROLLO GENERATORE MAMMOGRAFICO)\25-335-0.TOP

Aperture totals for E:\00.LAVORI IN CORSO\METALTRONICA\25-335-0 ( CONTROLLO GENERATORE MAMMOGRAFICO)\25-335-0.TOP:
---------------------------------------------------------
D10:  0.1260 ROUND  --       0 Draws,       2 Flashes
D11:  0.0380 x 0.0320 RECTANGLE -----     226 Flashes
D12:  0.0510 x 0.1024 RECTANGLE -----       2 Flashes
D13:  0.0320 x 0.0380 RECTANGLE -----      10 Flashes
D14:  0.0905 x 0.0886 RECTANGLE -----       4 Flashes
D15:  0.0501 x 0.0404 RECTANGLE -----      38 Flashes
D16:  0.0400 x 0.0710 RECTANGLE -----       4 Flashes
D17:  0.0500 x 0.0400 RECTANGLE -----       9 Flashes
D18:  0.0197 x 0.0315 RECTANGLE -----       6 Flashes
D19:  0.0550 x 0.0350 RECTANGLE -----       2 Flashes
D20:  0.0620 x 0.0800 OBLONG    -----      34 Flashes
D21:  0.0620 x 0.0800 RECTANGLE -----       2 Flashes
D22:  0.0236 x 0.0512 RECTANGLE -----       8 Flashes
D23:  0.0413 x 0.0236 RECTANGLE -----       4 Flashes
D24:  0.0400 x 0.0500 RECTANGLE -----      75 Flashes
D25:  0.0710 x 0.0400 RECTANGLE -----       2 Flashes
D26:  0.0866 ROUND  --       0 Draws,      11 Flashes
D27:  0.0650 x 0.0256 OBLONG    -----       8 Flashes
D28:  0.0354 x 0.0512 RECTANGLE -----      44 Flashes
D29:  0.0680 x 0.1580 RECTANGLE -----       1 Flashes
D30:  0.0680 x 0.0550 RECTANGLE -----       3 Flashes
D31:  0.0270 x 0.0500 RECTANGLE -----       5 Flashes
D32:  0.0400 x 0.0138 RECTANGLE -----       8 Flashes
D33:  0.0610 ROUND  --       0 Draws,       7 Flashes
D34:  0.0610 SQUARE --       0 Draws,       1 Flashes
D35:  0.0669 x 0.0315 RECTANGLE -----       6 Flashes
D36:  0.0620 ROUND  --       0 Draws,       3 Flashes
D37:  0.0620 SQUARE --       0 Draws,       1 Flashes
D38:  0.0700 x 0.0110 OBLONG    -----      28 Flashes
D39:  0.0700 x 0.0110 RECTANGLE -----       4 Flashes
D40:  0.0110 x 0.0700 OBLONG    -----      29 Flashes
D41:  0.0110 x 0.0700 RECTANGLE -----       3 Flashes
D42:  0.0100 ROUND  --    7130 Draws,       0 Flashes
D43:  0.0236 ROUND  --       0 Draws,       6 Flashes
D44:  0.0080 ROUND  --    1729 Draws,       0 Flashes
D45:  0.0236 ROUND  --       0 Draws,     407 Flashes
D46:  0.0120 ROUND  --       6 Draws,       0 Flashes
D47:  0.0150 ROUND  --     287 Draws,       0 Flashes
D48:  0.0250 ROUND  --      53 Draws,       0 Flashes
D49:  0.0060 ROUND  --      67 Draws,       0 Flashes
---------------------------------------------------------
 40 D-Codes      -----    9272 Draws,    1003 Flashes

*********************************************************

Output file: E:\00.LAVORI IN CORSO\METALTRONICA\25-335-0 ( CONTROLLO GENERATORE MAMMOGRAFICO)\25-335-0.BOT

Aperture totals for E:\00.LAVORI IN CORSO\METALTRONICA\25-335-0 ( CONTROLLO GENERATORE MAMMOGRAFICO)\25-335-0.BOT:
---------------------------------------------------------
D10:  0.1260 ROUND  --       0 Draws,       2 Flashes
D20:  0.0620 x 0.0800 OBLONG    -----      34 Flashes
D21:  0.0620 x 0.0800 RECTANGLE -----       2 Flashes
D26:  0.0866 ROUND  --       0 Draws,      11 Flashes
D33:  0.0610 ROUND  --       0 Draws,       7 Flashes
D34:  0.0610 SQUARE --       0 Draws,       1 Flashes
D36:  0.0620 ROUND  --       0 Draws,       3 Flashes
D37:  0.0620 SQUARE --       0 Draws,       1 Flashes
D42:  0.0100 ROUND  --    9875 Draws,       0 Flashes
D43:  0.0236 ROUND  --       0 Draws,       6 Flashes
D44:  0.0080 ROUND  --     248 Draws,       0 Flashes
D45:  0.0236 ROUND  --       0 Draws,     406 Flashes
D47:  0.0150 ROUND  --      71 Draws,       0 Flashes
D48:  0.0250 ROUND  --      12 Draws,       0 Flashes
D49:  0.0060 ROUND  --      21 Draws,       0 Flashes
D50:  0.0236 ROUND  --       0 Draws,       1 Flashes
---------------------------------------------------------
 16 D-Codes      -----   10227 Draws,     474 Flashes

*********************************************************

Output file: E:\00.LAVORI IN CORSO\METALTRONICA\25-335-0 ( CONTROLLO GENERATORE MAMMOGRAFICO)\25-335-0.GND

Aperture totals for E:\00.LAVORI IN CORSO\METALTRONICA\25-335-0 ( CONTROLLO GENERATORE MAMMOGRAFICO)\25-335-0.GND:
---------------------------------------------------------
D42:  0.0100 ROUND  --       4 Draws,       0 Flashes
D49:  0.0060 ROUND  --      20 Draws,       0 Flashes
D51:  0.1575 ROUND  --       0 Draws,       2 Flashes
D52:  0.1100 ROUND  --       0 Draws,       2 Flashes
D53:  0.1173 OD, 0.0933 ID THERMAL --       4 Flashes
D54:  0.1100 ROUND  --       0 Draws,      24 Flashes
D55:  0.1100 SQUARE --       0 Draws,       1 Flashes
D56:  0.0984 ROUND  --       0 Draws,       5 Flashes
D57:  0.0984 SQUARE --       0 Draws,       1 Flashes
D58:  0.1134 OD, 0.0894 ID THERMAL --       1 Flashes
D59:  0.0984 ROUND  --       0 Draws,       9 Flashes
D60:  0.0910 ROUND  --       0 Draws,       7 Flashes
D61:  0.0910 SQUARE --       0 Draws,       1 Flashes
D62:  0.0709 ROUND  --       0 Draws,       2 Flashes
D63:  0.1055 OD, 0.0815 ID THERMAL --       1 Flashes
D64:  0.0709 SQUARE --       0 Draws,       1 Flashes
D65:  0.0394 ROUND  --       0 Draws,     271 Flashes
D66:  0.0050 ROUND  --       0 Draws,       3 Flashes
D67:  0.0394 ROUND  --       0 Draws,      60 Flashes
D68:  0.0050 ROUND  --       0 Draws,      79 Flashes
---------------------------------------------------------
 20 D-Codes      -----      24 Draws,     474 Flashes

*********************************************************

Output file: E:\00.LAVORI IN CORSO\METALTRONICA\25-335-0 ( CONTROLLO GENERATORE MAMMOGRAFICO)\25-335-0.IN1

Aperture totals for E:\00.LAVORI IN CORSO\METALTRONICA\25-335-0 ( CONTROLLO GENERATORE MAMMOGRAFICO)\25-335-0.IN1:
---------------------------------------------------------
D10:  0.1260 ROUND  --       0 Draws,       2 Flashes
D20:  0.0620 x 0.0800 OBLONG    -----       6 Flashes
D26:  0.0866 ROUND  --       0 Draws,      11 Flashes
D33:  0.0610 ROUND  --       0 Draws,       7 Flashes
D34:  0.0610 SQUARE --       0 Draws,       1 Flashes
D36:  0.0620 ROUND  --       0 Draws,       3 Flashes
D37:  0.0620 SQUARE --       0 Draws,       1 Flashes
D42:  0.0100 ROUND  --    9647 Draws,       0 Flashes
D43:  0.0236 ROUND  --       0 Draws,       6 Flashes
D44:  0.0080 ROUND  --     321 Draws,       0 Flashes
D45:  0.0236 ROUND  --       0 Draws,     402 Flashes
D47:  0.0150 ROUND  --       4 Draws,       0 Flashes
D49:  0.0060 ROUND  --      11 Draws,       0 Flashes
D50:  0.0236 ROUND  --       0 Draws,       5 Flashes
D69:  0.0800 ROUND  --       0 Draws,      29 Flashes
D70:  0.0800 SQUARE --       0 Draws,       1 Flashes
---------------------------------------------------------
 16 D-Codes      -----    9983 Draws,     474 Flashes

*********************************************************

Output file: E:\00.LAVORI IN CORSO\METALTRONICA\25-335-0 ( CONTROLLO GENERATORE MAMMOGRAFICO)\25-335-0.SMT

Aperture totals for E:\00.LAVORI IN CORSO\METALTRONICA\25-335-0 ( CONTROLLO GENERATORE MAMMOGRAFICO)\25-335-0.SMT:
---------------------------------------------------------
D11:  0.0380 x 0.0320 RECTANGLE -----     226 Flashes
D12:  0.0510 x 0.1024 RECTANGLE -----       2 Flashes
D13:  0.0320 x 0.0380 RECTANGLE -----      10 Flashes
D14:  0.0905 x 0.0886 RECTANGLE -----       4 Flashes
D15:  0.0501 x 0.0404 RECTANGLE -----      38 Flashes
D16:  0.0400 x 0.0710 RECTANGLE -----       4 Flashes
D17:  0.0500 x 0.0400 RECTANGLE -----       9 Flashes
D18:  0.0197 x 0.0315 RECTANGLE -----       6 Flashes
D19:  0.0550 x 0.0350 RECTANGLE -----       2 Flashes
D20:  0.0620 x 0.0800 OBLONG    -----      34 Flashes
D21:  0.0620 x 0.0800 RECTANGLE -----       2 Flashes
D22:  0.0236 x 0.0512 RECTANGLE -----       8 Flashes
D23:  0.0413 x 0.0236 RECTANGLE -----       4 Flashes
D24:  0.0400 x 0.0500 RECTANGLE -----      75 Flashes
D25:  0.0710 x 0.0400 RECTANGLE -----       2 Flashes
D26:  0.0866 ROUND  --       0 Draws,      11 Flashes
D27:  0.0650 x 0.0256 OBLONG    -----       8 Flashes
D28:  0.0354 x 0.0512 RECTANGLE -----      44 Flashes
D29:  0.0680 x 0.1580 RECTANGLE -----       1 Flashes
D30:  0.0680 x 0.0550 RECTANGLE -----       3 Flashes
D31:  0.0270 x 0.0500 RECTANGLE -----       5 Flashes
D32:  0.0400 x 0.0138 RECTANGLE -----       8 Flashes
D33:  0.0610 ROUND  --       0 Draws,       7 Flashes
D34:  0.0610 SQUARE --       0 Draws,       1 Flashes
D35:  0.0669 x 0.0315 RECTANGLE -----       6 Flashes
D36:  0.0620 ROUND  --       0 Draws,       3 Flashes
D37:  0.0620 SQUARE --       0 Draws,       1 Flashes
D38:  0.0700 x 0.0110 OBLONG    -----      28 Flashes
D39:  0.0700 x 0.0110 RECTANGLE -----       4 Flashes
D40:  0.0110 x 0.0700 OBLONG    -----      29 Flashes
D41:  0.0110 x 0.0700 RECTANGLE -----       3 Flashes
---------------------------------------------------------
 31 D-Codes      -----       0 Draws,     588 Flashes

*********************************************************

Output file: E:\00.LAVORI IN CORSO\METALTRONICA\25-335-0 ( CONTROLLO GENERATORE MAMMOGRAFICO)\25-335-0.SMB

Aperture totals for E:\00.LAVORI IN CORSO\METALTRONICA\25-335-0 ( CONTROLLO GENERATORE MAMMOGRAFICO)\25-335-0.SMB:
---------------------------------------------------------
D20:  0.0620 x 0.0800 OBLONG    -----      34 Flashes
D21:  0.0620 x 0.0800 RECTANGLE -----       2 Flashes
D26:  0.0866 ROUND  --       0 Draws,      11 Flashes
D33:  0.0610 ROUND  --       0 Draws,       7 Flashes
D34:  0.0610 SQUARE --       0 Draws,       1 Flashes
D36:  0.0620 ROUND  --       0 Draws,       3 Flashes
D37:  0.0620 SQUARE --       0 Draws,       1 Flashes
---------------------------------------------------------
  7 D-Codes      -----       0 Draws,      59 Flashes

*********************************************************

Output file: E:\00.LAVORI IN CORSO\METALTRONICA\25-335-0 ( CONTROLLO GENERATORE MAMMOGRAFICO)\25-335-0.SPT

Aperture totals for E:\00.LAVORI IN CORSO\METALTRONICA\25-335-0 ( CONTROLLO GENERATORE MAMMOGRAFICO)\25-335-0.SPT:
---------------------------------------------------------
D11:  0.0380 x 0.0320 RECTANGLE -----     226 Flashes
D12:  0.0510 x 0.1024 RECTANGLE -----       2 Flashes
D13:  0.0320 x 0.0380 RECTANGLE -----      10 Flashes
D14:  0.0905 x 0.0886 RECTANGLE -----       4 Flashes
D15:  0.0501 x 0.0404 RECTANGLE -----      38 Flashes
D16:  0.0400 x 0.0710 RECTANGLE -----       4 Flashes
D17:  0.0500 x 0.0400 RECTANGLE -----       9 Flashes
D18:  0.0197 x 0.0315 RECTANGLE -----       6 Flashes
D19:  0.0550 x 0.0350 RECTANGLE -----       2 Flashes
D22:  0.0236 x 0.0512 RECTANGLE -----       8 Flashes
D23:  0.0413 x 0.0236 RECTANGLE -----       4 Flashes
D24:  0.0400 x 0.0500 RECTANGLE -----      75 Flashes
D25:  0.0710 x 0.0400 RECTANGLE -----       2 Flashes
D27:  0.0650 x 0.0256 OBLONG    -----       8 Flashes
D28:  0.0354 x 0.0512 RECTANGLE -----      44 Flashes
D29:  0.0680 x 0.1580 RECTANGLE -----       1 Flashes
D30:  0.0680 x 0.0550 RECTANGLE -----       3 Flashes
D31:  0.0270 x 0.0500 RECTANGLE -----       5 Flashes
D32:  0.0400 x 0.0138 RECTANGLE -----       8 Flashes
D35:  0.0669 x 0.0315 RECTANGLE -----       6 Flashes
D38:  0.0700 x 0.0110 OBLONG    -----      28 Flashes
D39:  0.0700 x 0.0110 RECTANGLE -----       4 Flashes
D40:  0.0110 x 0.0700 OBLONG    -----      29 Flashes
D41:  0.0110 x 0.0700 RECTANGLE -----       3 Flashes
---------------------------------------------------------
 24 D-Codes      -----       0 Draws,     529 Flashes

*********************************************************

Output file: E:\00.LAVORI IN CORSO\METALTRONICA\25-335-0 ( CONTROLLO GENERATORE MAMMOGRAFICO)\25-335-0.SST

Aperture totals for E:\00.LAVORI IN CORSO\METALTRONICA\25-335-0 ( CONTROLLO GENERATORE MAMMOGRAFICO)\25-335-0.SST:
---------------------------------------------------------
D42:  0.0100 ROUND  --     198 Draws,       0 Flashes
D44:  0.0080 ROUND  --      63 Draws,       0 Flashes
D49:  0.0060 ROUND  --    5109 Draws,       0 Flashes
D71:  0.0079 ROUND  --      71 Draws,       0 Flashes
D72:  0.0010 ROUND  --      74 Draws,       0 Flashes
---------------------------------------------------------
  5 D-Codes      -----    5515 Draws,       0 Flashes

*********************************************************

Output file: E:\00.LAVORI IN CORSO\METALTRONICA\25-335-0 ( CONTROLLO GENERATORE MAMMOGRAFICO)\25-335-0.SSB

Aperture totals for E:\00.LAVORI IN CORSO\METALTRONICA\25-335-0 ( CONTROLLO GENERATORE MAMMOGRAFICO)\25-335-0.SSB:
---------------------------------------------------------
D49:  0.0060 ROUND  --       9 Draws,       0 Flashes
D71:  0.0079 ROUND  --     559 Draws,       0 Flashes
---------------------------------------------------------
  2 D-Codes      -----     568 Draws,       0 Flashes

*********************************************************

Output file: E:\00.LAVORI IN CORSO\METALTRONICA\25-335-0 ( CONTROLLO GENERATORE MAMMOGRAFICO)\25-335-0.DRD

Aperture totals for E:\00.LAVORI IN CORSO\METALTRONICA\25-335-0 ( CONTROLLO GENERATORE MAMMOGRAFICO)\25-335-0.DRD:
---------------------------------------------------------
D42:  0.0100 ROUND  --    3876 Draws,       0 Flashes
---------------------------------------------------------
  1 D-Codes      -----    3876 Draws,       0 Flashes


*********************************************************

Aperture totals for entire project:
---------------------------------------------------------
D10:  0.1260 ROUND  --       0 Draws,       6 Flashes
D11:  0.0380 x 0.0320 RECTANGLE -----     678 Flashes
D12:  0.0510 x 0.1024 RECTANGLE -----       6 Flashes
D13:  0.0320 x 0.0380 RECTANGLE -----      30 Flashes
D14:  0.0905 x 0.0886 RECTANGLE -----      12 Flashes
D15:  0.0501 x 0.0404 RECTANGLE -----     114 Flashes
D16:  0.0400 x 0.0710 RECTANGLE -----      12 Flashes
D17:  0.0500 x 0.0400 RECTANGLE -----      27 Flashes
D18:  0.0197 x 0.0315 RECTANGLE -----      18 Flashes
D19:  0.0550 x 0.0350 RECTANGLE -----       6 Flashes
D20:  0.0620 x 0.0800 OBLONG    -----     142 Flashes
D21:  0.0620 x 0.0800 RECTANGLE -----       8 Flashes
D22:  0.0236 x 0.0512 RECTANGLE -----      24 Flashes
D23:  0.0413 x 0.0236 RECTANGLE -----      12 Flashes
D24:  0.0400 x 0.0500 RECTANGLE -----     225 Flashes
D25:  0.0710 x 0.0400 RECTANGLE -----       6 Flashes
D26:  0.0866 ROUND  --       0 Draws,      55 Flashes
D27:  0.0650 x 0.0256 OBLONG    -----      24 Flashes
D28:  0.0354 x 0.0512 RECTANGLE -----     132 Flashes
D29:  0.0680 x 0.1580 RECTANGLE -----       3 Flashes
D30:  0.0680 x 0.0550 RECTANGLE -----       9 Flashes
D31:  0.0270 x 0.0500 RECTANGLE -----      15 Flashes
D32:  0.0400 x 0.0138 RECTANGLE -----      24 Flashes
D33:  0.0610 ROUND  --       0 Draws,      35 Flashes
D34:  0.0610 SQUARE --       0 Draws,       5 Flashes
D35:  0.0669 x 0.0315 RECTANGLE -----      18 Flashes
D36:  0.0620 ROUND  --       0 Draws,      15 Flashes
D37:  0.0620 SQUARE --       0 Draws,       5 Flashes
D38:  0.0700 x 0.0110 OBLONG    -----      84 Flashes
D39:  0.0700 x 0.0110 RECTANGLE -----      12 Flashes
D40:  0.0110 x 0.0700 OBLONG    -----      87 Flashes
D41:  0.0110 x 0.0700 RECTANGLE -----       9 Flashes
D42:  0.0100 ROUND  --   30730 Draws,       0 Flashes
D43:  0.0236 ROUND  --       0 Draws,      18 Flashes
D44:  0.0080 ROUND  --    2361 Draws,       0 Flashes
D45:  0.0236 ROUND  --       0 Draws,    1215 Flashes
D46:  0.0120 ROUND  --       6 Draws,       0 Flashes
D47:  0.0150 ROUND  --     362 Draws,       0 Flashes
D48:  0.0250 ROUND  --      65 Draws,       0 Flashes
D49:  0.0060 ROUND  --    5237 Draws,       0 Flashes
D50:  0.0236 ROUND  --       0 Draws,       6 Flashes
D51:  0.1575 ROUND  --       0 Draws,       2 Flashes
D52:  0.1100 ROUND  --       0 Draws,       2 Flashes
D53:  0.1173 OD, 0.0933 ID THERMAL --       4 Flashes
D54:  0.1100 ROUND  --       0 Draws,      24 Flashes
D55:  0.1100 SQUARE --       0 Draws,       1 Flashes
D56:  0.0984 ROUND  --       0 Draws,       5 Flashes
D57:  0.0984 SQUARE --       0 Draws,       1 Flashes
D58:  0.1134 OD, 0.0894 ID THERMAL --       1 Flashes
D59:  0.0984 ROUND  --       0 Draws,       9 Flashes
D60:  0.0910 ROUND  --       0 Draws,       7 Flashes
D61:  0.0910 SQUARE --       0 Draws,       1 Flashes
D62:  0.0709 ROUND  --       0 Draws,       2 Flashes
D63:  0.1055 OD, 0.0815 ID THERMAL --       1 Flashes
D64:  0.0709 SQUARE --       0 Draws,       1 Flashes
D65:  0.0394 ROUND  --       0 Draws,     271 Flashes
D66:  0.0050 ROUND  --       0 Draws,       3 Flashes
D67:  0.0394 ROUND  --       0 Draws,      60 Flashes
D68:  0.0050 ROUND  --       0 Draws,      79 Flashes
D69:  0.0800 ROUND  --       0 Draws,      29 Flashes
D70:  0.0800 SQUARE --       0 Draws,       1 Flashes
D71:  0.0079 ROUND  --     630 Draws,       0 Flashes
D72:  0.0010 ROUND  --      74 Draws,       0 Flashes
---------------------------------------------------------
 63 D-Codes      -----   39465 Draws,    3601 Flashes


No warnings or errors.
